<?xml version="1.0" encoding="UTF-8"?>
<!-- Generated by org.testng.reporters.JUnitXMLReporter -->
<testsuite ignored="0" hostname="LAPTOP-274IQSMN" failures="1" tests="1" name="Test2" time="13.048" errors="0" timestamp="2022-02-12T10:39:00 EST">
  <testcase classname="test.HealthDiabeticRecipesTest" name="recipeScrappingHealthDiabeticRecipes" time="12.853">
    <failure type="java.util.ConcurrentModificationException">
      <![CDATA[java.util.ConcurrentModificationException
at java.base/java.util.LinkedHashMap$LinkedHashIterator.nextNode(LinkedHashMap.java:758)
at java.base/java.util.LinkedHashMap$LinkedValueIterator.next(LinkedHashMap.java:785)
at org.apache.poi.ooxml.POIXMLDocumentPart.onSave(POIXMLDocumentPart.java:469)
at org.apache.poi.ooxml.POIXMLDocument.write(POIXMLDocument.java:221)
at utils.ExcelUtils.setCellData(ExcelUtils.java:85)
at utils.ExcelUtils.writeheader(ExcelUtils.java:95)
at test.Commonscrapping.scrapAndWriteExcel(Commonscrapping.java:28)
at test.HealthDiabeticRecipesTest.recipeScrappingHealthDiabeticRecipes(HealthDiabeticRecipesTest.java:50)
at java.base/java.util.ArrayList.forEach(ArrayList.java:1511)
at java.base/java.util.concurrent.FutureTask.run(FutureTask.java:264)
at java.base/java.util.concurrent.ThreadPoolExecutor.runWorker(ThreadPoolExecutor.java:1130)
at java.base/java.util.concurrent.ThreadPoolExecutor$Worker.run(ThreadPoolExecutor.java:630)
at java.base/java.lang.Thread.run(Thread.java:831)
... Removed 18 stack frames]]>
    </failure>
  </testcase> <!-- recipeScrappingHealthDiabeticRecipes -->
</testsuite> <!-- Test2 -->
