<?xml version="1.0" encoding="UTF-8"?>
<!-- Generated by org.testng.reporters.JUnitReportReporter -->
<testsuite hostname="LAPTOP-274IQSMN" failures="1" tests="1" name="test.PunjabiRecipesTest" time="18.026" errors="0" timestamp="2022-02-12T14:42:44 EST" skipped="0">
  <testcase classname="test.PunjabiRecipesTest" name="recipeScrappingPunjabi" time="18.026">
    <failure type="java.lang.AssertionError">
      <![CDATA[java.lang.AssertionError
at org.apache.xmlbeans.impl.store.Cur.isNode(Cur.java:158)
at org.apache.xmlbeans.impl.store.Cur.contains(Cur.java:1631)
at org.apache.xmlbeans.impl.store.Cur.moveNode(Cur.java:1800)
at org.apache.xmlbeans.impl.store.Cur.createHelper(Cur.java:350)
at org.apache.xmlbeans.impl.store.Cur.createElement(Cur.java:275)
at org.apache.xmlbeans.impl.store.Cur.createElement(Cur.java:271)
at org.apache.xmlbeans.impl.store.Xobj.insertElement(Xobj.java:2011)
at org.apache.xmlbeans.impl.store.Xobj.insert_element_user(Xobj.java:2039)
at org.apache.xmlbeans.impl.values.XmlComplexContentImpl.arraySetterHelper(XmlComplexContentImpl.java:373)
at org.apache.xmlbeans.impl.values.XmlComplexContentImpl.arraySetterHelper(XmlComplexContentImpl.java:311)
at org.openxmlformats.schemas.spreadsheetml.x2006.main.impl.CTCellXfsImpl.setXfArray(CTCellXfsImpl.java:89)
at org.apache.poi.xssf.model.StylesTable.writeTo(StylesTable.java:692)
at org.apache.poi.xssf.model.StylesTable.commit(StylesTable.java:730)
at org.apache.poi.ooxml.POIXMLDocumentPart.onSave(POIXMLDocumentPart.java:467)
at org.apache.poi.ooxml.POIXMLDocumentPart.onSave(POIXMLDocumentPart.java:472)
at org.apache.poi.ooxml.POIXMLDocument.write(POIXMLDocument.java:221)
at utils.ExcelUtils.setCellData(ExcelUtils.java:86)
at test.Commonscrapping.scrapAndWriteExcel(Commonscrapping.java:59)
at test.PunjabiRecipesTest.recipeScrappingPunjabi(PunjabiRecipesTest.java:44)
at java.base/jdk.internal.reflect.NativeMethodAccessorImpl.invoke0(Native Method)
at java.base/jdk.internal.reflect.NativeMethodAccessorImpl.invoke(NativeMethodAccessorImpl.java:78)
at java.base/jdk.internal.reflect.DelegatingMethodAccessorImpl.invoke(DelegatingMethodAccessorImpl.java:43)
at java.base/java.lang.reflect.Method.invoke(Method.java:567)
at org.testng.internal.MethodInvocationHelper.invokeMethod(MethodInvocationHelper.java:133)
at org.testng.internal.TestInvoker.invokeMethod(TestInvoker.java:598)
at org.testng.internal.TestInvoker.invokeTestMethod(TestInvoker.java:173)
at org.testng.internal.MethodRunner.runInSequence(MethodRunner.java:46)
at org.testng.internal.TestInvoker$MethodInvocationAgent.invoke(TestInvoker.java:824)
at org.testng.internal.TestInvoker.invokeTestMethods(TestInvoker.java:146)
at org.testng.internal.TestMethodWorker.invokeTestMethods(TestMethodWorker.java:146)
at org.testng.internal.TestMethodWorker.run(TestMethodWorker.java:128)
at java.base/java.util.concurrent.ThreadPoolExecutor.runWorker(ThreadPoolExecutor.java:1130)
at java.base/java.util.concurrent.ThreadPoolExecutor$Worker.run(ThreadPoolExecutor.java:630)
at java.base/java.lang.Thread.run(Thread.java:831)
]]>
    </failure>
  </testcase> <!-- recipeScrappingPunjabi -->
  <system-out/>
</testsuite> <!-- test.PunjabiRecipesTest -->
